# JRE version: OpenJDK Runtime Environment Temurin-21.0.9+10 (21.0.9+10) (build 21.0.9+10-LTS)
# Java VM: OpenJDK 64-Bit Server VM Temurin-21.0.9+10 (21.0.9+10-LTS, mixed mode, sharing, tiered, compressed oops, compressed class ptrs, parallel gc, windows-amd64)
GC Precious Log:
 CardTable entry size: 512
 CPUs: 32 total, 32 available
 Memory: 31934M
 Large Page Support: Disabled
 NUMA Support: Disabled
 Compressed Oops: Enabled (32-bit)
 Alignments: Space 512K, Generation 512K, Heap 2M
 Heap Min Capacity: 100M
 Heap Initial Capacity: 100M
 Heap Max Capacity: 2G
 Pre-touch: Disabled
 Parallel Workers: 23
Heap:
 PSYoungGen      total 3584K, used 1342K [0x00000000d5580000, 0x00000000d5a00000, 0x0000000100000000)
  eden space 2560K, 27% used [0x00000000d5580000,0x00000000d562fa80,0x00000000d5800000)
  from space 1024K, 62% used [0x00000000d5900000,0x00000000d59a0000,0x00000000d5a00000)
  to   space 1024K, 0% used [0x00000000d5800000,0x00000000d5800000,0x00000000d5900000)
 ParOldGen       total 1039360K, used 1039143K [0x0000000080000000, 0x00000000bf700000, 0x00000000d5580000)
  object space 1039360K, 99% used [0x0000000080000000,0x00000000bf6c9f50,0x00000000bf700000)
 Metaspace       used 85988K, committed 87616K, reserved 1179648K
  class space    used 8671K, committed 9344K, reserved 1048576K
GC Heap History (20 events):
Event: 867.419 GC heap before
{Heap before GC invocations=1491 (full 4):
 PSYoungGen      total 3584K, used 3200K [0x00000000d5580000, 0x00000000d5b80000, 0x0000000100000000)
  eden space 1536K, 100% used [0x00000000d5580000,0x00000000d5700000,0x00000000d5700000)
  from space 2048K, 81% used [0x00000000d5900000,0x00000000d5aa0000,0x00000000d5b00000)
  to   space 2048K, 0% used [0x00000000d5700000,0x00000000d5700000,0x00000000d5900000)
 ParOldGen       total 1031680K, used 1031284K [0x0000000080000000, 0x00000000bef80000, 0x00000000d5580000)
  object space 1031680K, 99% used [0x0000000080000000,0x00000000bef1d1f0,0x00000000bef80000)
 Metaspace       used 85913K, committed 87552K, reserved 1179648K
  class space    used 8671K, committed 9344K, reserved 1048576K
}
Event: 867.421 GC heap after
{Heap after GC invocations=1491 (full 4):
 PSYoungGen      total 3584K, used 1472K [0x00000000d5580000, 0x00000000d5b80000, 0x0000000100000000)
  eden space 1536K, 0% used [0x00000000d5580000,0x00000000d5580000,0x00000000d5700000)
  from space 2048K, 71% used [0x00000000d5700000,0x00000000d5870000,0x00000000d5900000)
  to   space 2048K, 0% used [0x00000000d5980000,0x00000000d5980000,0x00000000d5b80000)
 ParOldGen       total 1032704K, used 1032652K [0x0000000080000000, 0x00000000bf080000, 0x00000000d5580000)
  object space 1032704K, 99% used [0x0000000080000000,0x00000000bf0731f0,0x00000000bf080000)
 Metaspace       used 85913K, committed 87552K, reserved 1179648K
  class space    used 8671K, committed 9344K, reserved 1048576K
}
Event: 867.427 GC heap before
{Heap before GC invocations=1492 (full 4):
 PSYoungGen      total 3584K, used 3008K [0x00000000d5580000, 0x00000000d5b80000, 0x0000000100000000)
  eden space 1536K, 100% used [0x00000000d5580000,0x00000000d5700000,0x00000000d5700000)
  from space 2048K, 71% used [0x00000000d5700000,0x00000000d5870000,0x00000000d5900000)
  to   space 2048K, 0% used [0x00000000d5980000,0x00000000d5980000,0x00000000d5b80000)
 ParOldGen       total 1032704K, used 1032652K [0x0000000080000000, 0x00000000bf080000, 0x00000000d5580000)
  object space 1032704K, 99% used [0x0000000080000000,0x00000000bf0731f0,0x00000000bf080000)
 Metaspace       used 85913K, committed 87552K, reserved 1179648K
  class space    used 8671K, committed 9344K, reserved 1048576K
}
Event: 867.429 GC heap after
{Heap after GC invocations=1492 (full 4):
 PSYoungGen      total 3072K, used 2019K [0x00000000d5580000, 0x00000000d5d80000, 0x0000000100000000)
  eden space 1024K, 0% used [0x00000000d5580000,0x00000000d5580000,0x00000000d5680000)
  from space 2048K, 98% used [0x00000000d5980000,0x00000000d5b78d60,0x00000000d5b80000)
  to   space 3072K, 0% used [0x00000000d5680000,0x00000000d5680000,0x00000000d5980000)
 ParOldGen       total 1033728K, used 1033468K [0x0000000080000000, 0x00000000bf180000, 0x00000000d5580000)
  object space 1033728K, 99% used [0x0000000080000000,0x00000000bf13f1f0,0x00000000bf180000)
 Metaspace       used 85913K, committed 87552K, reserved 1179648K
  class space    used 8671K, committed 9344K, reserved 1048576K
}
Event: 867.430 GC heap before
{Heap before GC invocations=1493 (full 4):
 PSYoungGen      total 3072K, used 3043K [0x00000000d5580000, 0x00000000d5d80000, 0x0000000100000000)
  eden space 1024K, 100% used [0x00000000d5580000,0x00000000d5680000,0x00000000d5680000)
  from space 2048K, 98% used [0x00000000d5980000,0x00000000d5b78d60,0x00000000d5b80000)
  to   space 3072K, 0% used [0x00000000d5680000,0x00000000d5680000,0x00000000d5980000)
 ParOldGen       total 1033728K, used 1033468K [0x0000000080000000, 0x00000000bf180000, 0x00000000d5580000)
  object space 1033728K, 99% used [0x0000000080000000,0x00000000bf13f1f0,0x00000000bf180000)
 Metaspace       used 85913K, committed 87552K, reserved 1179648K
  class space    used 8671K, committed 9344K, reserved 1048576K
}
Event: 867.432 GC heap after
{Heap after GC invocations=1493 (full 4):
 PSYoungGen      total 2560K, used 1280K [0x00000000d5580000, 0x00000000d5b00000, 0x0000000100000000)
  eden space 1024K, 0% used [0x00000000d5580000,0x00000000d5580000,0x00000000d5680000)
  from space 1536K, 83% used [0x00000000d5680000,0x00000000d57c0000,0x00000000d5800000)
  to   space 2048K, 0% used [0x00000000d5900000,0x00000000d5900000,0x00000000d5b00000)
 ParOldGen       total 1035264K, used 1035087K [0x0000000080000000, 0x00000000bf300000, 0x00000000d5580000)
  object space 1035264K, 99% used [0x0000000080000000,0x00000000bf2d3f50,0x00000000bf300000)
 Metaspace       used 85913K, committed 87552K, reserved 1179648K
  class space    used 8671K, committed 9344K, reserved 1048576K
}
Event: 867.433 GC heap before
{Heap before GC invocations=1494 (full 4):
 PSYoungGen      total 2560K, used 2304K [0x00000000d5580000, 0x00000000d5b00000, 0x0000000100000000)
  eden space 1024K, 100% used [0x00000000d5580000,0x00000000d5680000,0x00000000d5680000)
  from space 1536K, 83% used [0x00000000d5680000,0x00000000d57c0000,0x00000000d5800000)
  to   space 2048K, 0% used [0x00000000d5900000,0x00000000d5900000,0x00000000d5b00000)
 ParOldGen       total 1035264K, used 1035087K [0x0000000080000000, 0x00000000bf300000, 0x00000000d5580000)
  object space 1035264K, 99% used [0x0000000080000000,0x00000000bf2d3f50,0x00000000bf300000)
 Metaspace       used 85913K, committed 87552K, reserved 1179648K
  class space    used 8671K, committed 9344K, reserved 1048576K
}
Event: 867.435 GC heap after
{Heap after GC invocations=1494 (full 4):
 PSYoungGen      total 3072K, used 1408K [0x00000000d5580000, 0x00000000d5a80000, 0x0000000100000000)
  eden space 1536K, 0% used [0x00000000d5580000,0x00000000d5580000,0x00000000d5700000)
  from space 1536K, 91% used [0x00000000d5900000,0x00000000d5a60000,0x00000000d5a80000)
  to   space 1536K, 0% used [0x00000000d5780000,0x00000000d5780000,0x00000000d5900000)
 ParOldGen       total 1036288K, used 1036191K [0x0000000080000000, 0x00000000bf400000, 0x00000000d5580000)
  object space 1036288K, 99% used [0x0000000080000000,0x00000000bf3e7f50,0x00000000bf400000)
 Metaspace       used 85913K, committed 87552K, reserved 1179648K
  class space    used 8671K, committed 9344K, reserved 1048576K
}
Event: 867.437 GC heap before
{Heap before GC invocations=1495 (full 4):
 PSYoungGen      total 3072K, used 2772K [0x00000000d5580000, 0x00000000d5a80000, 0x0000000100000000)
  eden space 1536K, 88% used [0x00000000d5580000,0x00000000d56d5030,0x00000000d5700000)
  from space 1536K, 91% used [0x00000000d5900000,0x00000000d5a60000,0x00000000d5a80000)
  to   space 1536K, 0% used [0x00000000d5780000,0x00000000d5780000,0x00000000d5900000)
 ParOldGen       total 1036288K, used 1036191K [0x0000000080000000, 0x00000000bf400000, 0x00000000d5580000)
  object space 1036288K, 99% used [0x0000000080000000,0x00000000bf3e7f50,0x00000000bf400000)
 Metaspace       used 85913K, committed 87552K, reserved 1179648K
  class space    used 8671K, committed 9344K, reserved 1048576K
}
Event: 867.439 GC heap after
{Heap after GC invocations=1495 (full 4):
 PSYoungGen      total 3584K, used 1472K [0x00000000d5580000, 0x00000000d5a80000, 0x0000000100000000)
  eden space 2048K, 0% used [0x00000000d5580000,0x00000000d5580000,0x00000000d5780000)
  from space 1536K, 95% used [0x00000000d5780000,0x00000000d58f0000,0x00000000d5900000)
  to   space 1536K, 0% used [0x00000000d5900000,0x00000000d5900000,0x00000000d5a80000)
 ParOldGen       total 1037312K, used 1037279K [0x0000000080000000, 0x00000000bf500000, 0x00000000d5580000)
  object space 1037312K, 99% used [0x0000000080000000,0x00000000bf4f7f50,0x00000000bf500000)
 Metaspace       used 85913K, committed 87552K, reserved 1179648K
  class space    used 8671K, committed 9344K, reserved 1048576K
}
Event: 867.501 GC heap before
{Heap before GC invocations=1496 (full 4):
 PSYoungGen      total 3584K, used 3520K [0x00000000d5580000, 0x00000000d5a80000, 0x0000000100000000)
  eden space 2048K, 100% used [0x00000000d5580000,0x00000000d5780000,0x00000000d5780000)
  from space 1536K, 95% used [0x00000000d5780000,0x00000000d58f0000,0x00000000d5900000)
  to   space 1536K, 0% used [0x00000000d5900000,0x00000000d5900000,0x00000000d5a80000)
 ParOldGen       total 1037312K, used 1037279K [0x0000000080000000, 0x00000000bf500000, 0x00000000d5580000)
  object space 1037312K, 99% used [0x0000000080000000,0x00000000bf4f7f50,0x00000000bf500000)
 Metaspace       used 85915K, committed 87552K, reserved 1179648K
  class space    used 8671K, committed 9344K, reserved 1048576K
}
Event: 867.503 GC heap after
{Heap after GC invocations=1496 (full 4):
 PSYoungGen      total 3584K, used 1408K [0x00000000d5580000, 0x00000000d5b00000, 0x0000000100000000)
  eden space 2048K, 0% used [0x00000000d5580000,0x00000000d5580000,0x00000000d5780000)
  from space 1536K, 91% used [0x00000000d5900000,0x00000000d5a60000,0x00000000d5a80000)
  to   space 1536K, 0% used [0x00000000d5780000,0x00000000d5780000,0x00000000d5900000)
 ParOldGen       total 1038336K, used 1038231K [0x0000000080000000, 0x00000000bf600000, 0x00000000d5580000)
  object space 1038336K, 99% used [0x0000000080000000,0x00000000bf5e5f50,0x00000000bf600000)
 Metaspace       used 85915K, committed 87552K, reserved 1179648K
  class space    used 8671K, committed 9344K, reserved 1048576K
}
Event: 867.820 GC heap before
{Heap before GC invocations=1497 (full 4):
 PSYoungGen      total 3584K, used 3456K [0x00000000d5580000, 0x00000000d5b00000, 0x0000000100000000)
  eden space 2048K, 100% used [0x00000000d5580000,0x00000000d5780000,0x00000000d5780000)
  from space 1536K, 91% used [0x00000000d5900000,0x00000000d5a60000,0x00000000d5a80000)
  to   space 1536K, 0% used [0x00000000d5780000,0x00000000d5780000,0x00000000d5900000)
 ParOldGen       total 1038336K, used 1038231K [0x0000000080000000, 0x00000000bf600000, 0x00000000d5580000)
  object space 1038336K, 99% used [0x0000000080000000,0x00000000bf5e5f50,0x00000000bf600000)
 Metaspace       used 85915K, committed 87552K, reserved 1179648K
  class space    used 8671K, committed 9344K, reserved 1048576K
}
Event: 867.822 GC heap after
{Heap after GC invocations=1497 (full 4):
 PSYoungGen      total 3584K, used 720K [0x00000000d5580000, 0x00000000d5a00000, 0x0000000100000000)
  eden space 2048K, 0% used [0x00000000d5580000,0x00000000d5580000,0x00000000d5780000)
  from space 1536K, 46% used [0x00000000d5780000,0x00000000d5834010,0x00000000d5900000)
  to   space 1024K, 0% used [0x00000000d5900000,0x00000000d5900000,0x00000000d5a00000)
 ParOldGen       total 1039360K, used 1038911K [0x0000000080000000, 0x00000000bf700000, 0x00000000d5580000)
  object space 1039360K, 99% used [0x0000000080000000,0x00000000bf68ff50,0x00000000bf700000)
 Metaspace       used 85915K, committed 87552K, reserved 1179648K
  class space    used 8671K, committed 9344K, reserved 1048576K
}
Event: 867.825 GC heap before
{Heap before GC invocations=1498 (full 4):
 PSYoungGen      total 3584K, used 2768K [0x00000000d5580000, 0x00000000d5a00000, 0x0000000100000000)
  eden space 2048K, 100% used [0x00000000d5580000,0x00000000d5780000,0x00000000d5780000)
  from space 1536K, 46% used [0x00000000d5780000,0x00000000d5834010,0x00000000d5900000)
  to   space 1024K, 0% used [0x00000000d5900000,0x00000000d5900000,0x00000000d5a00000)
 ParOldGen       total 1039360K, used 1038911K [0x0000000080000000, 0x00000000bf700000, 0x00000000d5580000)
  object space 1039360K, 99% used [0x0000000080000000,0x00000000bf68ff50,0x00000000bf700000)
 Metaspace       used 85915K, committed 87552K, reserved 1179648K
  class space    used 8671K, committed 9344K, reserved 1048576K
}
Event: 867.826 GC heap after
{Heap after GC invocations=1498 (full 4):
 PSYoungGen      total 3584K, used 384K [0x00000000d5580000, 0x00000000d5a00000, 0x0000000100000000)
  eden space 2560K, 0% used [0x00000000d5580000,0x00000000d5580000,0x00000000d5800000)
  from space 1024K, 37% used [0x00000000d5900000,0x00000000d5960000,0x00000000d5a00000)
  to   space 1024K, 0% used [0x00000000d5800000,0x00000000d5800000,0x00000000d5900000)
 ParOldGen       total 1039360K, used 1039087K [0x0000000080000000, 0x00000000bf700000, 0x00000000d5580000)
  object space 1039360K, 99% used [0x0000000080000000,0x00000000bf6bbf50,0x00000000bf700000)
 Metaspace       used 85915K, committed 87552K, reserved 1179648K
  class space    used 8671K, committed 9344K, reserved 1048576K
}
Event: 867.976 GC heap before
{Heap before GC invocations=1499 (full 4):
 PSYoungGen      total 3584K, used 2944K [0x00000000d5580000, 0x00000000d5a00000, 0x0000000100000000)
  eden space 2560K, 100% used [0x00000000d5580000,0x00000000d5800000,0x00000000d5800000)
  from space 1024K, 37% used [0x00000000d5900000,0x00000000d5960000,0x00000000d5a00000)
  to   space 1024K, 0% used [0x00000000d5800000,0x00000000d5800000,0x00000000d5900000)
 ParOldGen       total 1039360K, used 1039087K [0x0000000080000000, 0x00000000bf700000, 0x00000000d5580000)
  object space 1039360K, 99% used [0x0000000080000000,0x00000000bf6bbf50,0x00000000bf700000)
 Metaspace       used 85916K, committed 87552K, reserved 1179648K
  class space    used 8671K, committed 9344K, reserved 1048576K
}
Event: 867.977 GC heap after
{Heap after GC invocations=1499 (full 4):
 PSYoungGen      total 3584K, used 736K [0x00000000d5580000, 0x00000000d5a00000, 0x0000000100000000)
  eden space 2560K, 0% used [0x00000000d5580000,0x00000000d5580000,0x00000000d5800000)
  from space 1024K, 71% used [0x00000000d5800000,0x00000000d58b8000,0x00000000d5900000)
  to   space 1024K, 0% used [0x00000000d5900000,0x00000000d5900000,0x00000000d5a00000)
 ParOldGen       total 1039360K, used 1039103K [0x0000000080000000, 0x00000000bf700000, 0x00000000d5580000)
  object space 1039360K, 99% used [0x0000000080000000,0x00000000bf6bff50,0x00000000bf700000)
 Metaspace       used 85916K, committed 87552K, reserved 1179648K
  class space    used 8671K, committed 9344K, reserved 1048576K
}
Event: 94248.064 GC heap before
{Heap before GC invocations=1500 (full 4):
 PSYoungGen      total 3584K, used 3295K [0x00000000d5580000, 0x00000000d5a00000, 0x0000000100000000)
  eden space 2560K, 99% used [0x00000000d5580000,0x00000000d57fffe8,0x00000000d5800000)
  from space 1024K, 71% used [0x00000000d5800000,0x00000000d58b8000,0x00000000d5900000)
  to   space 1024K, 0% used [0x00000000d5900000,0x00000000d5900000,0x00000000d5a00000)
 ParOldGen       total 1039360K, used 1039103K [0x0000000080000000, 0x00000000bf700000, 0x00000000d5580000)
  object space 1039360K, 99% used [0x0000000080000000,0x00000000bf6bff50,0x00000000bf700000)
 Metaspace       used 85988K, committed 87616K, reserved 1179648K
  class space    used 8671K, committed 9344K, reserved 1048576K
}
Event: 94248.124 GC heap after
{Heap after GC invocations=1500 (full 4):
 PSYoungGen      total 3584K, used 640K [0x00000000d5580000, 0x00000000d5a00000, 0x0000000100000000)
  eden space 2560K, 0% used [0x00000000d5580000,0x00000000d5580000,0x00000000d5800000)
  from space 1024K, 62% used [0x00000000d5900000,0x00000000d59a0000,0x00000000d5a00000)
  to   space 1024K, 0% used [0x00000000d5800000,0x00000000d5800000,0x00000000d5900000)
 ParOldGen       total 1039360K, used 1039143K [0x0000000080000000, 0x00000000bf700000, 0x00000000d5580000)
  object space 1039360K, 99% used [0x0000000080000000,0x00000000bf6c9f50,0x00000000bf700000)
 Metaspace       used 85988K, committed 87616K, reserved 1179648K
  class space    used 8671K, committed 9344K, reserved 1048576K
}

